<?xml version="1.0" encoding="UTF-8"?>
<testng-results skipped="0" failed="0" ignored="0" total="6" passed="6">
  <reporter-output>
  </reporter-output>
  <suite name="Suite" duration-ms="189432" started-at="2020-06-26T06:34:10Z" finished-at="2020-06-26T06:37:20Z">
    <groups>
    </groups>
    <test name="Test" duration-ms="189432" started-at="2020-06-26T06:34:10Z" finished-at="2020-06-26T06:37:20Z">
      <class name="com.rediff.qa.testcases.LandingPageTest">
        <test-method status="PASS" signature="setup()[pri:0, instance:com.rediff.qa.testcases.LandingPageTest@59fa1d9b]" name="setup" is-config="true" duration-ms="15493" started-at="2020-06-26T06:35:02Z" finished-at="2020-06-26T06:35:17Z">
          <reporter-output>
          </reporter-output>
        </test-method> <!-- setup -->
        <test-method status="PASS" signature="Landingtitle_test()[pri:1, instance:com.rediff.qa.testcases.LandingPageTest@59fa1d9b]" name="Landingtitle_test" duration-ms="12" started-at="2020-06-26T06:35:17Z" finished-at="2020-06-26T06:35:17Z">
          <reporter-output>
          </reporter-output>
        </test-method> <!-- Landingtitle_test -->
        <test-method status="PASS" signature="teardown()[pri:0, instance:com.rediff.qa.testcases.LandingPageTest@59fa1d9b]" name="teardown" is-config="true" duration-ms="4358" started-at="2020-06-26T06:35:17Z" finished-at="2020-06-26T06:35:22Z">
          <reporter-output>
          </reporter-output>
        </test-method> <!-- teardown -->
        <test-method status="PASS" signature="setup()[pri:0, instance:com.rediff.qa.testcases.LandingPageTest@59fa1d9b]" name="setup" is-config="true" duration-ms="21908" started-at="2020-06-26T06:35:50Z" finished-at="2020-06-26T06:36:11Z">
          <reporter-output>
          </reporter-output>
        </test-method> <!-- setup -->
        <test-method status="PASS" signature="SignInDisplay_test()[pri:2, instance:com.rediff.qa.testcases.LandingPageTest@59fa1d9b]" name="SignInDisplay_test" duration-ms="1518" started-at="2020-06-26T06:36:11Z" finished-at="2020-06-26T06:36:13Z">
          <reporter-output>
          </reporter-output>
        </test-method> <!-- SignInDisplay_test -->
        <test-method status="PASS" signature="teardown()[pri:0, instance:com.rediff.qa.testcases.LandingPageTest@59fa1d9b]" name="teardown" is-config="true" duration-ms="1045" started-at="2020-06-26T06:36:13Z" finished-at="2020-06-26T06:36:14Z">
          <reporter-output>
          </reporter-output>
        </test-method> <!-- teardown -->
        <test-method status="PASS" signature="setup()[pri:0, instance:com.rediff.qa.testcases.LandingPageTest@59fa1d9b]" name="setup" is-config="true" duration-ms="14494" started-at="2020-06-26T06:36:51Z" finished-at="2020-06-26T06:37:06Z">
          <reporter-output>
          </reporter-output>
        </test-method> <!-- setup -->
        <test-method status="PASS" signature="SignInClick_test()[pri:3, instance:com.rediff.qa.testcases.LandingPageTest@59fa1d9b]" name="SignInClick_test" duration-ms="9852" started-at="2020-06-26T06:37:06Z" finished-at="2020-06-26T06:37:15Z">
          <reporter-output>
          </reporter-output>
        </test-method> <!-- SignInClick_test -->
        <test-method status="PASS" signature="teardown()[pri:0, instance:com.rediff.qa.testcases.LandingPageTest@59fa1d9b]" name="teardown" is-config="true" duration-ms="4114" started-at="2020-06-26T06:37:15Z" finished-at="2020-06-26T06:37:20Z">
          <reporter-output>
          </reporter-output>
        </test-method> <!-- teardown -->
      </class> <!-- com.rediff.qa.testcases.LandingPageTest -->
      <class name="com.rediff.qa.testcases.SignInPageTest">
        <test-method status="PASS" signature="setup()[pri:0, instance:com.rediff.qa.testcases.SignInPageTest@d8355a8]" name="setup" is-config="true" duration-ms="44656" started-at="2020-06-26T06:34:10Z" finished-at="2020-06-26T06:34:55Z">
          <reporter-output>
          </reporter-output>
        </test-method> <!-- setup -->
        <test-method status="PASS" signature="signIntitle_test()[pri:1, instance:com.rediff.qa.testcases.SignInPageTest@d8355a8]" name="signIntitle_test" duration-ms="2652" started-at="2020-06-26T06:34:55Z" finished-at="2020-06-26T06:34:57Z">
          <reporter-output>
          </reporter-output>
        </test-method> <!-- signIntitle_test -->
        <test-method status="PASS" signature="teardown()[pri:0, instance:com.rediff.qa.testcases.SignInPageTest@d8355a8]" name="teardown" is-config="true" duration-ms="4419" started-at="2020-06-26T06:34:57Z" finished-at="2020-06-26T06:35:02Z">
          <reporter-output>
          </reporter-output>
        </test-method> <!-- teardown -->
        <test-method status="PASS" signature="setup()[pri:0, instance:com.rediff.qa.testcases.SignInPageTest@d8355a8]" name="setup" is-config="true" duration-ms="21665" started-at="2020-06-26T06:35:22Z" finished-at="2020-06-26T06:35:43Z">
          <reporter-output>
          </reporter-output>
        </test-method> <!-- setup -->
        <test-method status="PASS" signature="KeepMeSigned_test()[pri:2, instance:com.rediff.qa.testcases.SignInPageTest@d8355a8]" name="KeepMeSigned_test" duration-ms="1718" started-at="2020-06-26T06:35:43Z" finished-at="2020-06-26T06:35:45Z">
          <reporter-output>
          </reporter-output>
        </test-method> <!-- KeepMeSigned_test -->
        <test-method status="PASS" signature="teardown()[pri:0, instance:com.rediff.qa.testcases.SignInPageTest@d8355a8]" name="teardown" is-config="true" duration-ms="4371" started-at="2020-06-26T06:35:45Z" finished-at="2020-06-26T06:35:50Z">
          <reporter-output>
          </reporter-output>
        </test-method> <!-- teardown -->
        <test-method status="PASS" signature="setup()[pri:0, instance:com.rediff.qa.testcases.SignInPageTest@d8355a8]" name="setup" is-config="true" duration-ms="18519" started-at="2020-06-26T06:36:14Z" finished-at="2020-06-26T06:36:33Z">
          <reporter-output>
          </reporter-output>
        </test-method> <!-- setup -->
        <test-method status="PASS" signature="login_test()[pri:3, instance:com.rediff.qa.testcases.SignInPageTest@d8355a8]" name="login_test" duration-ms="17917" started-at="2020-06-26T06:36:33Z" finished-at="2020-06-26T06:36:50Z">
          <reporter-output>
          </reporter-output>
        </test-method> <!-- login_test -->
        <test-method status="PASS" signature="teardown()[pri:0, instance:com.rediff.qa.testcases.SignInPageTest@d8355a8]" name="teardown" is-config="true" duration-ms="601" started-at="2020-06-26T06:36:50Z" finished-at="2020-06-26T06:36:51Z">
          <reporter-output>
          </reporter-output>
        </test-method> <!-- teardown -->
      </class> <!-- com.rediff.qa.testcases.SignInPageTest -->
    </test> <!-- Test -->
  </suite> <!-- Suite -->
</testng-results>
