<?xml version="1.0" encoding="UTF-8"?>
<!-- Generated by org.testng.reporters.JUnitXMLReporter -->
<testsuite hostname="DESKTOP-22JM805" ignored="0" name="Default test" tests="2" failures="0" timestamp="21 Jun 2020 11:48:05 GMT" time="61.489" errors="0">
  <testcase name="checkMobile" time="0.238" classname="com.rediff.qa.testcases.ShoppingPage_Test"/>
  <testcase name="selectMobileEarphone" time="7.02" classname="com.rediff.qa.testcases.ShoppingPage_Test"/>
</testsuite> <!-- Default test -->
