<?xml version="1.0" encoding="UTF-8"?>
<!-- Generated by org.testng.reporters.JUnitXMLReporter -->
<testsuite hostname="DESKTOP-22JM805" ignored="0" name="Test" tests="6" failures="0" timestamp="26 Jun 2020 06:37:20 GMT" time="189.432" errors="0">
  <testcase name="signIntitle_test" time="2.652" classname="com.rediff.qa.testcases.SignInPageTest"/>
  <testcase name="Landingtitle_test" time="0.012" classname="com.rediff.qa.testcases.LandingPageTest"/>
  <testcase name="KeepMeSigned_test" time="1.718" classname="com.rediff.qa.testcases.SignInPageTest"/>
  <testcase name="SignInDisplay_test" time="1.518" classname="com.rediff.qa.testcases.LandingPageTest"/>
  <testcase name="login_test" time="17.917" classname="com.rediff.qa.testcases.SignInPageTest"/>
  <testcase name="SignInClick_test" time="9.852" classname="com.rediff.qa.testcases.LandingPageTest"/>
</testsuite> <!-- Test -->
