<?xml version="1.0" encoding="UTF-8"?>
<!-- Generated by org.testng.reporters.JUnitXMLReporter -->
<testsuite hostname="DESKTOP-22JM805" ignored="0" name="regression tests in rediff" tests="9" failures="0" timestamp="21 Jun 2020 07:53:05 GMT" time="220.519" errors="0">
  <testcase name="signIntitle_test" time="0.137" classname="com.rediff.qa.testcases.SignInPageTest"/>
  <testcase name="Landingtitle_test" time="0.009" classname="com.rediff.qa.testcases.LandingPageTest"/>
  <testcase name="logoutDispplayed" time="0.423" classname="com.rediff.qa.testcases.LogoutTest"/>
  <testcase name="KeepMeSigned_test" time="0.532" classname="com.rediff.qa.testcases.SignInPageTest"/>
  <testcase name="SignInDisplay_test" time="0.161" classname="com.rediff.qa.testcases.LandingPageTest"/>
  <testcase name="logoutEnabled" time="0.061" classname="com.rediff.qa.testcases.LogoutTest"/>
  <testcase name="login_test" time="1.95" classname="com.rediff.qa.testcases.SignInPageTest"/>
  <testcase name="SignInClick_test" time="0.519" classname="com.rediff.qa.testcases.LandingPageTest"/>
  <testcase name="logout" time="2.395" classname="com.rediff.qa.testcases.LogoutTest"/>
</testsuite> <!-- regression tests in rediff -->
